2016-10-03 15:26:52,703 [main] DEBUG org.jboss.logging - Logging Provider: org.jboss.logging.Slf4jLoggerProvider 
2016-10-03 15:26:53,164 [main] INFO  recipe-builder.env - 
-=[recipe-builder started successfully using the development profile]=- 
2016-10-03 15:26:53,341 [main] INFO  luminus.http-server - starting HTTP server on port 3000 
2016-10-03 15:26:53,449 [main] INFO  org.xnio - XNIO version 3.3.6.Final 
2016-10-03 15:26:53,887 [main] INFO  org.projectodd.wunderboss.web.Web - Registered web context / 
2016-10-03 15:26:53,890 [main] INFO  luminus.repl-server - starting nREPL server on port 7000 
2016-10-03 15:26:53,921 [main] INFO  recipe-builder.core - #'recipe-builder.config/env started 
2016-10-03 15:26:53,921 [main] INFO  recipe-builder.core - #'recipe-builder.handler/init-app started 
2016-10-03 15:26:53,921 [main] INFO  recipe-builder.core - #'recipe-builder.core/http-server started 
2016-10-03 15:26:53,921 [main] INFO  recipe-builder.core - #'recipe-builder.core/repl-server started 
2016-10-03 15:54:36,253 [Thread-2] INFO  luminus.repl-server - nREPL server stopped 
2016-10-03 15:54:36,257 [Thread-2] DEBUG org.projectodd.wunderboss.WunderBoss - Returning existing component for org.projectodd.wunderboss.web.Web:-1645144552, ignoring options. 
2016-10-03 15:54:36,262 [Thread-2] INFO  luminus.http-server - HTTP server stopped 
2016-10-03 15:54:36,264 [Thread-2] INFO  recipe-builder.env - 
-=[recipe-builder has shut down successfully]=- 
2016-10-03 15:54:36,265 [Thread-2] INFO  recipe-builder.core - #'recipe-builder.core/repl-server stopped 
2016-10-03 15:54:36,265 [Thread-2] INFO  recipe-builder.core - #'recipe-builder.core/http-server stopped 
2016-10-03 15:54:36,265 [Thread-2] INFO  recipe-builder.core - #'recipe-builder.handler/init-app stopped 
2016-10-03 15:55:15,273 [main] DEBUG org.jboss.logging - Logging Provider: org.jboss.logging.Slf4jLoggerProvider 
2016-10-03 15:56:02,719 [nREPL-worker-1] INFO  recipe-builder.env - 
-=[recipe-builder started successfully using the development profile]=- 
2016-10-03 15:56:02,845 [nREPL-worker-1] INFO  luminus.http-server - starting HTTP server on port 3000 
2016-10-03 15:56:02,897 [nREPL-worker-1] INFO  org.xnio - XNIO version 3.3.6.Final 
2016-10-03 15:56:03,099 [nREPL-worker-1] INFO  org.projectodd.wunderboss.web.Web - Registered web context / 
2016-10-03 19:34:14,491 [main] DEBUG org.jboss.logging - Logging Provider: org.jboss.logging.Slf4jLoggerProvider 
2016-10-03 19:34:14,897 [main] INFO  recipe-builder.env - 
-=[recipe-builder started successfully using the development profile]=- 
2016-10-03 19:34:15,050 [main] INFO  luminus.http-server - starting HTTP server on port 3000 
2016-10-03 19:34:15,144 [main] INFO  org.xnio - XNIO version 3.3.6.Final 
2016-10-03 19:34:15,365 [main] INFO  org.projectodd.wunderboss.web.Web - Registered web context / 
2016-10-03 19:34:15,367 [main] INFO  luminus.repl-server - starting nREPL server on port 7000 
2016-10-03 19:34:15,391 [main] INFO  recipe-builder.core - #'recipe-builder.config/env started 
2016-10-03 19:34:15,391 [main] INFO  recipe-builder.core - #'recipe-builder.handler/init-app started 
2016-10-03 19:34:15,391 [main] INFO  recipe-builder.core - #'recipe-builder.core/http-server started 
2016-10-03 19:34:15,391 [main] INFO  recipe-builder.core - #'recipe-builder.core/repl-server started 
2016-10-03 19:36:03,701 [Thread-2] INFO  luminus.repl-server - nREPL server stopped 
2016-10-03 19:36:03,706 [Thread-2] DEBUG org.projectodd.wunderboss.WunderBoss - Returning existing component for org.projectodd.wunderboss.web.Web:-1645144552, ignoring options. 
2016-10-03 19:36:03,711 [Thread-2] INFO  luminus.http-server - HTTP server stopped 
2016-10-03 19:36:03,713 [Thread-2] INFO  recipe-builder.env - 
-=[recipe-builder has shut down successfully]=- 
2016-10-03 19:36:03,714 [Thread-2] INFO  recipe-builder.core - #'recipe-builder.core/repl-server stopped 
2016-10-03 19:36:03,715 [Thread-2] INFO  recipe-builder.core - #'recipe-builder.core/http-server stopped 
2016-10-03 19:36:03,715 [Thread-2] INFO  recipe-builder.core - #'recipe-builder.handler/init-app stopped 
2016-10-03 19:37:45,642 [main] DEBUG org.jboss.logging - Logging Provider: org.jboss.logging.Slf4jLoggerProvider 
2016-10-03 19:38:32,089 [main] DEBUG org.jboss.logging - Logging Provider: org.jboss.logging.Slf4jLoggerProvider 
2016-10-03 19:38:32,516 [main] INFO  recipe-builder.env - 
-=[recipe-builder started successfully using the development profile]=- 
2016-10-03 19:38:32,638 [main] INFO  luminus.http-server - starting HTTP server on port 3000 
2016-10-03 19:38:32,703 [main] INFO  org.xnio - XNIO version 3.3.6.Final 
2016-10-03 19:38:32,880 [main] INFO  org.projectodd.wunderboss.web.Web - Registered web context / 
2016-10-03 19:38:32,882 [main] INFO  luminus.repl-server - starting nREPL server on port 7000 
2016-10-03 19:38:32,916 [main] INFO  recipe-builder.core - #'recipe-builder.config/env started 
2016-10-03 19:38:32,917 [main] INFO  recipe-builder.core - #'recipe-builder.handler/init-app started 
2016-10-03 19:38:32,917 [main] INFO  recipe-builder.core - #'recipe-builder.core/http-server started 
2016-10-03 19:38:32,917 [main] INFO  recipe-builder.core - #'recipe-builder.core/repl-server started 
2016-10-03 19:43:43,431 [main] DEBUG org.jboss.logging - Logging Provider: org.jboss.logging.Slf4jLoggerProvider 
2016-10-03 20:09:32,652 [main] DEBUG org.jboss.logging - Logging Provider: org.jboss.logging.Slf4jLoggerProvider 
